<?xml version="1.0" encoding="UTF-8"?>
<!-- Generated by org.testng.reporters.JUnitXMLReporter -->
<testsuite ignored="0" hostname="DESKTOP-OPFNA1B" failures="0" tests="4" name="Test" time="39.645" errors="0" timestamp="22 may. 2021 00:16:02 GMT">
  <testcase classname="KEYWORDSFramework.Test.PrincipalTest" name="Principal_testcase" time="21.001"/>
  <testcase classname="POMFramework.Test.LoginTest" name="LoginSuccess" time="8.791"/>
  <testcase classname="POMFramework.Test.LoginTest" name="EditMyInfo" time="8.37"/>
  <testcase classname="POMFramework.Test.LoginTest" name="SeeManageReviewsMyReviews" time="1.137"/>
</testsuite> <!-- Test -->
