<?xml version="1.0" encoding="UTF-8"?>
<!-- Generated by org.testng.reporters.JUnitXMLReporter -->
<testsuite ignored="0" hostname="DESKTOP-OPFNA1B" failures="0" tests="4" name="Test" time="38.837" errors="0" timestamp="22 may. 2021 01:20:46 GMT">
  <testcase classname="KEYWORDSFramework.Test.PrincipalTest" name="Principal_testcase" time="20.604"/>
  <testcase classname="POMFramework.Test.LoginTest" name="LoginSuccess" time="8.885"/>
  <testcase classname="POMFramework.Test.LoginTest" name="EditMyInfo" time="7.871"/>
  <testcase classname="POMFramework.Test.LoginTest" name="SeeManageReviewsMyReviews" time="1.094"/>
</testsuite> <!-- Test -->
