<?xml version="1.0" encoding="UTF-8"?>
<testng-results ignored="0" total="2" passed="2" failed="0" skipped="0">
  <reporter-output>
  </reporter-output>
  <suite started-at="2021-05-21T16:48:49Z" name="Suite" finished-at="2021-05-21T16:49:34Z" duration-ms="45802">
    <groups>
    </groups>
    <test started-at="2021-05-21T16:48:49Z" name="Test" finished-at="2021-05-21T16:49:34Z" duration-ms="45802">
      <class name="KEYWORDSFramework.Test.PrincipalTest">
        <test-method signature="Principal_testcase()[pri:0, instance:KEYWORDSFramework.Test.PrincipalTest@58c34bb3]" started-at="2021-05-21T16:48:49Z" name="Principal_testcase" finished-at="2021-05-21T16:49:09Z" duration-ms="20216" status="PASS">
          <reporter-output>
          </reporter-output>
        </test-method> <!-- Principal_testcase -->
      </class> <!-- KEYWORDSFramework.Test.PrincipalTest -->
      <class name="POMFramework.Test.LoginTest">
        <test-method is-config="true" signature="SetUp()[pri:0, instance:POMFramework.Test.LoginTest@73163d48]" started-at="2021-05-21T16:49:09Z" name="SetUp" finished-at="2021-05-21T16:49:26Z" duration-ms="17480" status="PASS">
          <reporter-output>
          </reporter-output>
        </test-method> <!-- SetUp -->
        <test-method signature="LoginSuccess_testcase()[pri:1, instance:POMFramework.Test.LoginTest@73163d48]" started-at="2021-05-21T16:49:27Z" name="LoginSuccess_testcase" finished-at="2021-05-21T16:49:33Z" duration-ms="6712" status="PASS">
          <reporter-output>
          </reporter-output>
        </test-method> <!-- LoginSuccess_testcase -->
        <test-method is-config="true" signature="Quit()[pri:0, instance:POMFramework.Test.LoginTest@73163d48]" started-at="2021-05-21T16:49:33Z" name="Quit" finished-at="2021-05-21T16:49:34Z" duration-ms="956" status="PASS">
          <reporter-output>
          </reporter-output>
        </test-method> <!-- Quit -->
      </class> <!-- POMFramework.Test.LoginTest -->
    </test> <!-- Test -->
  </suite> <!-- Suite -->
</testng-results>
